<?xml version="1.0" encoding="UTF-8"?>
<testsuite xmlns:xsi="http://www.w3.org/2001/XMLSchema-instance" xsi:noNamespaceSchemaLocation="https://maven.apache.org/surefire/maven-surefire-plugin/xsd/surefire-test-report-3.0.xsd" version="3.0" name="com.tui.proof.MainApplicationTest" time="3.844" tests="5" errors="0" skipped="0" failures="0">
  <properties>
[...]
</properties>
  <testcase name="authenticationContextLoads" classname="com.tui.proof.MainApplicationTest" time="0.051">
    <system-out><![CDATA[2024-01-04 09:26:47.208  INFO 22864 --- [           main] .b.t.c.SpringBootTestContextBootstrapper : Neither @ContextConfiguration nor @ContextHierarchy found for test class [com.tui.proof.MainApplicationTest], using SpringBootContextLoader
2024-01-04 09:26:47.209  INFO 22864 --- [           main] o.s.t.c.support.AbstractContextLoader    : Could not detect default resource locations for test class [com.tui.proof.MainApplicationTest]: no resource found for suffixes {-context.xml, Context.groovy}.
2024-01-04 09:26:47.209  INFO 22864 --- [           main] t.c.s.AnnotationConfigContextLoaderUtils : Could not detect default configuration classes for test class [com.tui.proof.MainApplicationTest]: MainApplicationTest does not declare any static, non-private, non-final, nested classes annotated with @Configuration.
2024-01-04 09:26:47.215  INFO 22864 --- [           main] .b.t.c.SpringBootTestContextBootstrapper : Found @SpringBootConfiguration com.tui.proof.MainApplication for test class com.tui.proof.MainApplicationTest
2024-01-04 09:26:47.219  INFO 22864 --- [           main] .b.t.c.SpringBootTestContextBootstrapper : Loaded default TestExecutionListener class names from location [META-INF/spring.factories]: [org.springframework.boot.test.autoconfigure.restdocs.RestDocsTestExecutionListener, org.springframework.boot.test.autoconfigure.web.client.MockRestServiceServerResetTestExecutionListener, org.springframework.boot.test.autoconfigure.web.servlet.MockMvcPrintOnlyOnFailureTestExecutionListener, org.springframework.boot.test.autoconfigure.web.servlet.WebDriverTestExecutionListener, org.springframework.boot.test.autoconfigure.webservices.client.MockWebServiceServerTestExecutionListener, org.springframework.test.context.web.ServletTestExecutionListener, org.springframework.test.context.support.DirtiesContextBeforeModesTestExecutionListener, org.springframework.test.context.event.ApplicationEventsTestExecutionListener, org.springframework.test.context.support.DependencyInjectionTestExecutionListener, org.springframework.test.context.support.DirtiesContextTestExecutionListener, org.springframework.test.context.transaction.TransactionalTestExecutionListener, org.springframework.test.context.jdbc.SqlScriptsTestExecutionListener, org.springframework.test.context.event.EventPublishingTestExecutionListener, org.springframework.boot.test.mock.mockito.MockitoTestExecutionListener, org.springframework.boot.test.mock.mockito.ResetMocksTestExecutionListener]
2024-01-04 09:26:47.220  INFO 22864 --- [           main] .b.t.c.SpringBootTestContextBootstrapper : Using TestExecutionListeners: [org.springframework.test.context.web.ServletTestExecutionListener@1dadd172, org.springframework.test.context.support.DirtiesContextBeforeModesTestExecutionListener@33c9f1ac, org.springframework.test.context.event.ApplicationEventsTestExecutionListener@4070c4ff, org.springframework.boot.test.mock.mockito.MockitoTestExecutionListener@4bceac99, org.springframework.boot.test.autoconfigure.SpringBootDependencyInjectionTestExecutionListener@389bc2d3, org.springframework.test.context.support.DirtiesContextTestExecutionListener@442310fd, org.springframework.test.context.transaction.TransactionalTestExecutionListener@23263ba, org.springframework.test.context.jdbc.SqlScriptsTestExecutionListener@3ca6bd01, org.springframework.test.context.event.EventPublishingTestExecutionListener@5acd7d1c, org.springframework.boot.test.autoconfigure.restdocs.RestDocsTestExecutionListener@6b52a40, org.springframework.boot.test.autoconfigure.web.client.MockRestServiceServerResetTestExecutionListener@178ba69f, org.springframework.boot.test.autoconfigure.web.servlet.MockMvcPrintOnlyOnFailureTestExecutionListener@1e4c4fda, org.springframework.boot.test.autoconfigure.web.servlet.WebDriverTestExecutionListener@2f58f492, org.springframework.boot.test.autoconfigure.webservices.client.MockWebServiceServerTestExecutionListener@903c13, org.springframework.boot.test.mock.mockito.ResetMocksTestExecutionListener@4ae5ddc0]

  .   ____          _            __ _ _
 /\\ / ___'_ __ _ _(_)_ __  __ _ \ \ \ \
( ( )\___ | '_ | '_| | '_ \/ _` | \ \ \ \
 \\/  ___)| |_)| | | | | || (_| |  ) ) ) )
  '  |____| .__|_| |_|_| |_\__, | / / / /
 =========|_|==============|___/=/_/_/_/
 :: Spring Boot ::                (v2.7.4)

2024-01-04 09:26:47.232  INFO 22864 --- [           main] com.tui.proof.MainApplicationTest        : Starting MainApplicationTest using Java 17.0.9 on francesco with PID 22864 (started by frave in C:\Users\frave\Desktop\tui-musement-pilotes-main)
2024-01-04 09:26:47.232  INFO 22864 --- [           main] com.tui.proof.MainApplicationTest        : No active profile set, falling back to 1 default profile: "default"
2024-01-04 09:26:47.505  INFO 22864 --- [           main] .s.d.r.c.RepositoryConfigurationDelegate : Bootstrapping Spring Data JPA repositories in DEFAULT mode.
2024-01-04 09:26:47.549  INFO 22864 --- [           main] .s.d.r.c.RepositoryConfigurationDelegate : Finished Spring Data repository scanning in 37 ms. Found 2 JPA repository interfaces.
2024-01-04 09:26:47.744  INFO 22864 --- [           main] com.zaxxer.hikari.HikariDataSource       : HikariPool-1 - Starting...
2024-01-04 09:26:47.946  INFO 22864 --- [           main] com.zaxxer.hikari.HikariDataSource       : HikariPool-1 - Start completed.
2024-01-04 09:26:48.000  INFO 22864 --- [           main] o.hibernate.jpa.internal.util.LogHelper  : HHH000204: Processing PersistenceUnitInfo [name: default]
2024-01-04 09:26:48.070  INFO 22864 --- [           main] org.hibernate.Version                    : HHH000412: Hibernate ORM core version 5.6.11.Final
2024-01-04 09:26:48.112  INFO 22864 --- [           main] o.hibernate.annotations.common.Version   : HCANN000001: Hibernate Commons Annotations {5.1.2.Final}
2024-01-04 09:26:48.225  INFO 22864 --- [           main] org.hibernate.dialect.Dialect            : HHH000400: Using dialect: org.hibernate.dialect.H2Dialect
2024-01-04 09:26:48.620  INFO 22864 --- [           main] o.h.e.t.j.p.i.JtaPlatformInitiator       : HHH000490: Using JtaPlatform implementation: [org.hibernate.engine.transaction.jta.platform.internal.NoJtaPlatform]
2024-01-04 09:26:48.626  INFO 22864 --- [           main] j.LocalContainerEntityManagerFactoryBean : Initialized JPA EntityManagerFactory for persistence unit 'default'
2024-01-04 09:26:49.068  INFO 22864 --- [           main] o.s.s.web.DefaultSecurityFilterChain     : Will secure any request with [org.springframework.security.web.session.DisableEncodeUrlFilter@76140ca5, org.springframework.security.web.context.request.async.WebAsyncManagerIntegrationFilter@47b5c247, org.springframework.security.web.context.SecurityContextPersistenceFilter@106dee26, org.springframework.security.web.header.HeaderWriterFilter@3d0f2154, org.springframework.security.web.authentication.logout.LogoutFilter@62e55482, org.springframework.security.oauth2.server.resource.web.BearerTokenAuthenticationFilter@2d854c13, org.springframework.security.web.savedrequest.RequestCacheAwareFilter@6b0aa757, org.springframework.security.web.servletapi.SecurityContextHolderAwareRequestFilter@2f4b2ee3, org.springframework.security.web.authentication.AnonymousAuthenticationFilter@4057eb76, org.springframework.security.web.session.SessionManagementFilter@8374911, org.springframework.security.web.access.ExceptionTranslationFilter@73611fbb, org.springframework.security.web.access.intercept.FilterSecurityInterceptor@7f77d839]
2024-01-04 09:26:49.259  WARN 22864 --- [           main] JpaBaseConfiguration$JpaWebConfiguration : spring.jpa.open-in-view is enabled by default. Therefore, database queries may be performed during view rendering. Explicitly configure spring.jpa.open-in-view to disable this warning
2024-01-04 09:26:49.324  INFO 22864 --- [           main] o.s.b.a.h2.H2ConsoleAutoConfiguration    : H2 console available at '/h2-console'. Database available at 'jdbc:h2:mem:testdb'
2024-01-04 09:26:49.715  INFO 22864 --- [           main] com.tui.proof.MainApplicationTest        : Started MainApplicationTest in 2.492 seconds (JVM running for 7.63)
]]></system-out>
  </testcase>
  <testcase name="testMain" classname="com.tui.proof.MainApplicationTest" time="0.965">
    <system-out><![CDATA[
  .   ____          _            __ _ _
 /\\ / ___'_ __ _ _(_)_ __  __ _ \ \ \ \
( ( )\___ | '_ | '_| | '_ \/ _` | \ \ \ \
 \\/  ___)| |_)| | | | | || (_| |  ) ) ) )
  '  |____| .__|_| |_|_| |_\__, | / / / /
 =========|_|==============|___/=/_/_/_/
 :: Spring Boot ::                (v2.7.4)

2024-01-04 09:26:49.788  INFO 22864 --- [           main] com.tui.proof.MainApplication            : Starting MainApplication using Java 17.0.9 on francesco with PID 22864 (started by frave in C:\Users\frave\Desktop\tui-musement-pilotes-main)
2024-01-04 09:26:49.788  INFO 22864 --- [           main] com.tui.proof.MainApplication            : No active profile set, falling back to 1 default profile: "default"
2024-01-04 09:26:49.900  INFO 22864 --- [           main] .s.d.r.c.RepositoryConfigurationDelegate : Bootstrapping Spring Data JPA repositories in DEFAULT mode.
2024-01-04 09:26:49.907  INFO 22864 --- [           main] .s.d.r.c.RepositoryConfigurationDelegate : Finished Spring Data repository scanning in 6 ms. Found 2 JPA repository interfaces.
2024-01-04 09:26:50.061  INFO 22864 --- [           main] o.s.b.w.embedded.tomcat.TomcatWebServer  : Tomcat initialized with port(s): 8080 (http)
2024-01-04 09:26:50.071  INFO 22864 --- [           main] o.apache.catalina.core.StandardService   : Starting service [Tomcat]
2024-01-04 09:26:50.072  INFO 22864 --- [           main] org.apache.catalina.core.StandardEngine  : Starting Servlet engine: [Apache Tomcat/9.0.65]
2024-01-04 09:26:50.219  INFO 22864 --- [           main] o.a.c.c.C.[Tomcat].[localhost].[/]       : Initializing Spring embedded WebApplicationContext
2024-01-04 09:26:50.219  INFO 22864 --- [           main] w.s.c.ServletWebServerApplicationContext : Root WebApplicationContext: initialization completed in 430 ms
2024-01-04 09:26:50.230  INFO 22864 --- [           main] com.zaxxer.hikari.HikariDataSource       : HikariPool-2 - Starting...
2024-01-04 09:26:50.231  INFO 22864 --- [           main] com.zaxxer.hikari.HikariDataSource       : HikariPool-2 - Start completed.
2024-01-04 09:26:50.231  INFO 22864 --- [           main] o.s.b.a.h2.H2ConsoleAutoConfiguration    : H2 console available at '/h2-console'. Database available at 'jdbc:h2:mem:testdb'
2024-01-04 09:26:50.277  INFO 22864 --- [           main] o.hibernate.jpa.internal.util.LogHelper  : HHH000204: Processing PersistenceUnitInfo [name: default]
2024-01-04 09:26:50.281  INFO 22864 --- [           main] org.hibernate.dialect.Dialect            : HHH000400: Using dialect: org.hibernate.dialect.H2Dialect
2024-01-04 09:26:50.319  INFO 22864 --- [           main] o.h.e.t.j.p.i.JtaPlatformInitiator       : HHH000490: Using JtaPlatform implementation: [org.hibernate.engine.transaction.jta.platform.internal.NoJtaPlatform]
2024-01-04 09:26:50.319  INFO 22864 --- [           main] j.LocalContainerEntityManagerFactoryBean : Initialized JPA EntityManagerFactory for persistence unit 'default'
2024-01-04 09:26:50.387  INFO 22864 --- [           main] o.s.s.web.DefaultSecurityFilterChain     : Will secure any request with [org.springframework.security.web.session.DisableEncodeUrlFilter@352df548, org.springframework.security.web.context.request.async.WebAsyncManagerIntegrationFilter@45dc4d1a, org.springframework.security.web.context.SecurityContextPersistenceFilter@3d1ecf3b, org.springframework.security.web.header.HeaderWriterFilter@274010fe, org.springframework.security.web.authentication.logout.LogoutFilter@6a4ec62d, org.springframework.security.oauth2.server.resource.web.BearerTokenAuthenticationFilter@44cd3ea9, org.springframework.security.web.savedrequest.RequestCacheAwareFilter@204bd52d, org.springframework.security.web.servletapi.SecurityContextHolderAwareRequestFilter@72bf63a, org.springframework.security.web.authentication.AnonymousAuthenticationFilter@4dbcc8ce, org.springframework.security.web.session.SessionManagementFilter@975f349, org.springframework.security.web.access.ExceptionTranslationFilter@7e34570, org.springframework.security.web.access.intercept.FilterSecurityInterceptor@2dc4b58a]
2024-01-04 09:26:50.421  WARN 22864 --- [           main] JpaBaseConfiguration$JpaWebConfiguration : spring.jpa.open-in-view is enabled by default. Therefore, database queries may be performed during view rendering. Explicitly configure spring.jpa.open-in-view to disable this warning
2024-01-04 09:26:50.727  INFO 22864 --- [           main] o.s.b.w.embedded.tomcat.TomcatWebServer  : Tomcat started on port(s): 8080 (http) with context path ''
2024-01-04 09:26:50.730  INFO 22864 --- [           main] com.tui.proof.MainApplication            : Started MainApplication in 0.959 seconds (JVM running for 8.646)
]]></system-out>
  </testcase>
  <testcase name="testRegisterUserAndPlaceOrderModifyOrderAndSearchOrder" classname="com.tui.proof.MainApplicationTest" time="0.308">
    <system-out><![CDATA[2024-01-04 09:26:50.812  INFO 22864 --- [           main] com.tui.proof.service.UserService        : Client(clientId=1, firstName=FirstName, lastName=LastName, telephone=123456789, email=example@example.com, username=test, password=test, role=USER)
2024-01-04 09:26:50.846  INFO 22864 --- [           main] com.tui.proof.service.OrderService       : Order(number=c25f63f3-5688-4fcd-944d-73d3a9513ce5, deliveryAddress=Address(street=Via mimose, postcode=80145, city=Roma, country=Italy), pilotes=5, orderTotal=6.65, timestamp=2024-01-04T08:26:50.840476Z)
2024-01-04 09:26:50.867  INFO 22864 --- [           main] com.tui.proof.service.OrderService       : Order(number=c25f63f3-5688-4fcd-944d-73d3a9513ce5, deliveryAddress=Address(street=Via mimose, postcode=80145, city=Roma, country=Italy), pilotes=5, orderTotal=6.65, timestamp=2024-01-04T08:26:50.840476Z)
2024-01-04 09:26:50.867  INFO 22864 --- [           main] c.tui.proof.controller.OrderController   : Order(number=c25f63f3-5688-4fcd-944d-73d3a9513ce5, deliveryAddress=Address(street=Via mimose, postcode=80145, city=Roma, country=Italy), pilotes=5, orderTotal=6.65, timestamp=2024-01-04T08:26:50.840476Z)
2024-01-04 09:26:50.907  INFO 22864 --- [           main] c.tui.proof.controller.OrderController   : Client(clientId=1, firstName=FirstName, lastName=LastName, telephone=123456789, email=example@example.com, username=test, password=test, role=USER)
2024-01-04 09:26:51.040  INFO 22864 --- [           main] com.tui.proof.MainApplicationTest        : [Order(number=c25f63f3-5688-4fcd-944d-73d3a9513ce5, deliveryAddress=Address(street=Via mimose, postcode=80145, city=Roma, country=Italy), pilotes=5, orderTotal=6.65, timestamp=2024-01-04T08:26:50.840476Z)]
]]></system-out>
  </testcase>
  <testcase name="userContextLoads" classname="com.tui.proof.MainApplicationTest" time="0.004"/>
  <testcase name="orderContextLoads" classname="com.tui.proof.MainApplicationTest" time="0.002"/>
</testsuite>