<?xml version="1.0" encoding="UTF-8"?>
<testsuite xmlns:xsi="http://www.w3.org/2001/XMLSchema-instance" xsi:noNamespaceSchemaLocation="https://maven.apache.org/surefire/maven-surefire-plugin/xsd/surefire-test-report-3.0.xsd" version="3.0" name="com.tui.proof.repository.OrderRepositoryTest" time="0.031" tests="1" errors="0" skipped="0" failures="0">
  <properties>
[...]
</properties>
  <testcase name="testCRUD" classname="com.tui.proof.repository.OrderRepositoryTest" time="0.02">
    <system-out><![CDATA[2024-01-04 09:26:51.448  INFO 22864 --- [           main] b.t.a.o.j.DataJpaTestContextBootstrapper : Neither @ContextConfiguration nor @ContextHierarchy found for test class [com.tui.proof.repository.OrderRepositoryTest], using SpringBootContextLoader
2024-01-04 09:26:51.449  INFO 22864 --- [           main] o.s.t.c.support.AbstractContextLoader    : Could not detect default resource locations for test class [com.tui.proof.repository.OrderRepositoryTest]: no resource found for suffixes {-context.xml, Context.groovy}.
2024-01-04 09:26:51.449  INFO 22864 --- [           main] t.c.s.AnnotationConfigContextLoaderUtils : Could not detect default configuration classes for test class [com.tui.proof.repository.OrderRepositoryTest]: OrderRepositoryTest does not declare any static, non-private, non-final, nested classes annotated with @Configuration.
2024-01-04 09:26:51.452  INFO 22864 --- [           main] .b.t.c.SpringBootTestContextBootstrapper : Found @SpringBootConfiguration com.tui.proof.MainApplication for test class com.tui.proof.repository.OrderRepositoryTest
2024-01-04 09:26:51.453  INFO 22864 --- [           main] b.t.a.o.j.DataJpaTestContextBootstrapper : Loaded default TestExecutionListener class names from location [META-INF/spring.factories]: [org.springframework.boot.test.autoconfigure.restdocs.RestDocsTestExecutionListener, org.springframework.boot.test.autoconfigure.web.client.MockRestServiceServerResetTestExecutionListener, org.springframework.boot.test.autoconfigure.web.servlet.MockMvcPrintOnlyOnFailureTestExecutionListener, org.springframework.boot.test.autoconfigure.web.servlet.WebDriverTestExecutionListener, org.springframework.boot.test.autoconfigure.webservices.client.MockWebServiceServerTestExecutionListener, org.springframework.test.context.web.ServletTestExecutionListener, org.springframework.test.context.support.DirtiesContextBeforeModesTestExecutionListener, org.springframework.test.context.event.ApplicationEventsTestExecutionListener, org.springframework.test.context.support.DependencyInjectionTestExecutionListener, org.springframework.test.context.support.DirtiesContextTestExecutionListener, org.springframework.test.context.transaction.TransactionalTestExecutionListener, org.springframework.test.context.jdbc.SqlScriptsTestExecutionListener, org.springframework.test.context.event.EventPublishingTestExecutionListener, org.springframework.boot.test.mock.mockito.MockitoTestExecutionListener, org.springframework.boot.test.mock.mockito.ResetMocksTestExecutionListener]
2024-01-04 09:26:51.453  INFO 22864 --- [           main] b.t.a.o.j.DataJpaTestContextBootstrapper : Using TestExecutionListeners: [org.springframework.test.context.web.ServletTestExecutionListener@3fc0f3c2, org.springframework.test.context.support.DirtiesContextBeforeModesTestExecutionListener@5d233d7, org.springframework.test.context.event.ApplicationEventsTestExecutionListener@24945f50, org.springframework.boot.test.mock.mockito.MockitoTestExecutionListener@550244cb, org.springframework.boot.test.autoconfigure.SpringBootDependencyInjectionTestExecutionListener@6de4e34a, org.springframework.test.context.support.DirtiesContextTestExecutionListener@79bc29aa, org.springframework.test.context.transaction.TransactionalTestExecutionListener@7f549712, org.springframework.test.context.jdbc.SqlScriptsTestExecutionListener@38b7b02f, org.springframework.test.context.event.EventPublishingTestExecutionListener@7203fac0, org.springframework.boot.test.autoconfigure.restdocs.RestDocsTestExecutionListener@6a6a7c53, org.springframework.boot.test.autoconfigure.web.client.MockRestServiceServerResetTestExecutionListener@31dd8a0b, org.springframework.boot.test.autoconfigure.web.servlet.MockMvcPrintOnlyOnFailureTestExecutionListener@346e62d7, org.springframework.boot.test.autoconfigure.web.servlet.WebDriverTestExecutionListener@59d64b60, org.springframework.boot.test.autoconfigure.webservices.client.MockWebServiceServerTestExecutionListener@60e72ced, org.springframework.boot.test.mock.mockito.ResetMocksTestExecutionListener@3d376f28]
2024-01-04 09:26:51.458  INFO 22864 --- [           main] o.s.t.c.transaction.TransactionContext   : Began transaction (1) for test context [DefaultTestContext@4837c56d testClass = OrderRepositoryTest, testInstance = com.tui.proof.repository.OrderRepositoryTest@4e7fbd6c, testMethod = testCRUD@OrderRepositoryTest, testException = [null], mergedContextConfiguration = [MergedContextConfiguration@721fbae2 testClass = OrderRepositoryTest, locations = '{}', classes = '{class com.tui.proof.MainApplication}', contextInitializerClasses = '[]', activeProfiles = '{}', propertySourceLocations = '{}', propertySourceProperties = '{org.springframework.boot.test.autoconfigure.orm.jpa.DataJpaTestContextBootstrapper=true}', contextCustomizers = set[org.springframework.boot.test.autoconfigure.OverrideAutoConfigurationContextCustomizerFactory$DisableAutoConfigurationContextCustomizer@21a21c64, org.springframework.boot.test.autoconfigure.actuate.metrics.MetricsExportContextCustomizerFactory$DisableMetricExportContextCustomizer@6436a7db, org.springframework.boot.test.autoconfigure.filter.TypeExcludeFiltersContextCustomizer@351584c0, org.springframework.boot.test.autoconfigure.properties.PropertyMappingContextCustomizer@d03d7cdf, org.springframework.boot.test.autoconfigure.web.servlet.WebDriverContextCustomizerFactory$Customizer@115667d, [ImportsContextCustomizer@130f8e03 key = [org.springframework.boot.autoconfigure.cache.CacheAutoConfiguration, org.springframework.boot.autoconfigure.data.jpa.JpaRepositoriesAutoConfiguration, org.springframework.boot.autoconfigure.flyway.FlywayAutoConfiguration, org.springframework.boot.autoconfigure.jdbc.DataSourceAutoConfiguration, org.springframework.boot.autoconfigure.jdbc.DataSourceTransactionManagerAutoConfiguration, org.springframework.boot.autoconfigure.jdbc.JdbcTemplateAutoConfiguration, org.springframework.boot.autoconfigure.liquibase.LiquibaseAutoConfiguration, org.springframework.boot.autoconfigure.orm.jpa.HibernateJpaAutoConfiguration, org.springframework.boot.autoconfigure.sql.init.SqlInitializationAutoConfiguration, org.springframework.boot.autoconfigure.transaction.TransactionAutoConfiguration, org.springframework.boot.test.autoconfigure.jdbc.TestDatabaseAutoConfiguration, org.springframework.boot.test.autoconfigure.orm.jpa.TestEntityManagerAutoConfiguration]], org.springframework.boot.test.context.filter.ExcludeFilterContextCustomizer@1ecee32c, org.springframework.boot.test.json.DuplicateJsonObjectContextCustomizerFactory$DuplicateJsonObjectContextCustomizer@4b41e4dd, org.springframework.boot.test.mock.mockito.MockitoContextCustomizer@0, org.springframework.boot.test.context.SpringBootTestArgs@1, org.springframework.boot.test.context.SpringBootTestWebEnvironment@0], contextLoader = 'org.springframework.boot.test.context.SpringBootContextLoader', parent = [null]], attributes = map['org.springframework.test.context.event.ApplicationEventsTestExecutionListener.recordApplicationEvents' -> false]]; transaction manager [org.springframework.orm.jpa.JpaTransactionManager@67a2fb00]; rollback [true]
Hibernate: call next value for hibernate_sequence
Hibernate: insert into clients (email, first_name, last_name, password, role, telephone, username, client_id) values (?, ?, ?, ?, ?, ?, ?, ?)
Hibernate: insert into orders (client_id, city, country, postcode, street, order_total, pilotes, timestamp, number) values (?, ?, ?, ?, ?, ?, ?, ?, ?)
Hibernate: select order0_.number as number1_1_, order0_.client_id as client_i9_1_, order0_.city as city2_1_, order0_.country as country3_1_, order0_.postcode as postcode4_1_, order0_.street as street5_1_, order0_.order_total as order_to6_1_, order0_.pilotes as pilotes7_1_, order0_.timestamp as timestam8_1_ from orders order0_
Hibernate: select order0_.number as number1_1_, order0_.client_id as client_i9_1_, order0_.city as city2_1_, order0_.country as country3_1_, order0_.postcode as postcode4_1_, order0_.street as street5_1_, order0_.order_total as order_to6_1_, order0_.pilotes as pilotes7_1_, order0_.timestamp as timestam8_1_ from orders order0_
Hibernate: delete from orders where number=?
Hibernate: select order0_.number as number1_1_, order0_.client_id as client_i9_1_, order0_.city as city2_1_, order0_.country as country3_1_, order0_.postcode as postcode4_1_, order0_.street as street5_1_, order0_.order_total as order_to6_1_, order0_.pilotes as pilotes7_1_, order0_.timestamp as timestam8_1_ from orders order0_
2024-01-04 09:26:51.476  INFO 22864 --- [           main] o.s.t.c.transaction.TransactionContext   : Rolled back transaction for test: [DefaultTestContext@4837c56d testClass = OrderRepositoryTest, testInstance = com.tui.proof.repository.OrderRepositoryTest@4e7fbd6c, testMethod = testCRUD@OrderRepositoryTest, testException = [null], mergedContextConfiguration = [MergedContextConfiguration@721fbae2 testClass = OrderRepositoryTest, locations = '{}', classes = '{class com.tui.proof.MainApplication}', contextInitializerClasses = '[]', activeProfiles = '{}', propertySourceLocations = '{}', propertySourceProperties = '{org.springframework.boot.test.autoconfigure.orm.jpa.DataJpaTestContextBootstrapper=true}', contextCustomizers = set[org.springframework.boot.test.autoconfigure.OverrideAutoConfigurationContextCustomizerFactory$DisableAutoConfigurationContextCustomizer@21a21c64, org.springframework.boot.test.autoconfigure.actuate.metrics.MetricsExportContextCustomizerFactory$DisableMetricExportContextCustomizer@6436a7db, org.springframework.boot.test.autoconfigure.filter.TypeExcludeFiltersContextCustomizer@351584c0, org.springframework.boot.test.autoconfigure.properties.PropertyMappingContextCustomizer@d03d7cdf, org.springframework.boot.test.autoconfigure.web.servlet.WebDriverContextCustomizerFactory$Customizer@115667d, [ImportsContextCustomizer@130f8e03 key = [org.springframework.boot.autoconfigure.cache.CacheAutoConfiguration, org.springframework.boot.autoconfigure.data.jpa.JpaRepositoriesAutoConfiguration, org.springframework.boot.autoconfigure.flyway.FlywayAutoConfiguration, org.springframework.boot.autoconfigure.jdbc.DataSourceAutoConfiguration, org.springframework.boot.autoconfigure.jdbc.DataSourceTransactionManagerAutoConfiguration, org.springframework.boot.autoconfigure.jdbc.JdbcTemplateAutoConfiguration, org.springframework.boot.autoconfigure.liquibase.LiquibaseAutoConfiguration, org.springframework.boot.autoconfigure.orm.jpa.HibernateJpaAutoConfiguration, org.springframework.boot.autoconfigure.sql.init.SqlInitializationAutoConfiguration, org.springframework.boot.autoconfigure.transaction.TransactionAutoConfiguration, org.springframework.boot.test.autoconfigure.jdbc.TestDatabaseAutoConfiguration, org.springframework.boot.test.autoconfigure.orm.jpa.TestEntityManagerAutoConfiguration]], org.springframework.boot.test.context.filter.ExcludeFilterContextCustomizer@1ecee32c, org.springframework.boot.test.json.DuplicateJsonObjectContextCustomizerFactory$DuplicateJsonObjectContextCustomizer@4b41e4dd, org.springframework.boot.test.mock.mockito.MockitoContextCustomizer@0, org.springframework.boot.test.context.SpringBootTestArgs@1, org.springframework.boot.test.context.SpringBootTestWebEnvironment@0], contextLoader = 'org.springframework.boot.test.context.SpringBootContextLoader', parent = [null]], attributes = map['org.springframework.test.context.event.ApplicationEventsTestExecutionListener.recordApplicationEvents' -> false]]
]]></system-out>
  </testcase>
</testsuite>